<?xml version="1.0" encoding="utf-8"?>
<coverage line-rate="0.5335" branch-rate="0.4335" version="1.9" timestamp="1758609515" lines-covered="1170" lines-valid="2193" branches-covered="395" branches-valid="911">
  <sources>
    <source>/app/TDMSSharp/</source>
  </sources>
  <packages>
    <package name="TDMSSharp" line-rate="0.5335" branch-rate="0.4335" complexity="1011">
      <classes>
        <class name="TDMSSharp.StreamingTdmsWriter" filename="StreamingTdmsWriter.cs" line-rate="0.7863" branch-rate="0.7646999999999999" complexity="70">
          <methods>
            <method name="WriteFileHeader" signature="()" line-rate="0" branch-rate="0" complexity="8">
              <lines>
                <line number="34" hits="0" branch="False" />
                <line number="35" hits="0" branch="True" condition-coverage="0% (0/6)">
                  <conditions>
                    <condition number="17" type="jump" coverage="0%" />
                    <condition number="35" type="jump" coverage="0%" />
                    <condition number="63" type="jump" coverage="0%" />
                  </conditions>
                </line>
                <line number="37" hits="0" branch="False" />
                <line number="40" hits="0" branch="False" />
                <line number="41" hits="0" branch="False" />
                <line number="43" hits="0" branch="False" />
                <line number="44" hits="0" branch="False" />
                <line number="45" hits="0" branch="False" />
                <line number="48" hits="0" branch="True" condition-coverage="0% (0/2)">
                  <conditions>
                    <condition number="189" type="jump" coverage="0%" />
                  </conditions>
                </line>
                <line number="49" hits="0" branch="False" />
                <line number="50" hits="0" branch="False" />
                <line number="51" hits="0" branch="False" />
                <line number="52" hits="0" branch="False" />
                <line number="53" hits="0" branch="False" />
                <line number="54" hits="0" branch="False" />
                <line number="57" hits="0" branch="False" />
                <line number="58" hits="0" branch="False" />
                <line number="60" hits="0" branch="False" />
                <line number="62" hits="0" branch="False" />
                <line number="63" hits="0" branch="False" />
                <line number="64" hits="0" branch="False" />
                <line number="65" hits="0" branch="False" />
                <line number="66" hits="0" branch="False" />
                <line number="68" hits="0" branch="False" />
                <line number="69" hits="0" branch="False" />
                <line number="71" hits="0" branch="False" />
                <line number="72" hits="0" branch="False" />
              </lines>
            </method>
            <method name="get_MetadataDirty" signature="()" line-rate="1" branch-rate="1" complexity="1">
              <lines>
                <line number="77" hits="1124" branch="False" />
              </lines>
            </method>
            <method name="WriteSegment" signature="(TDMSSharp.TdmsChannel[],System.Object[])" line-rate="1" branch-rate="1" complexity="12">
              <lines>
                <line number="85" hits="1106" branch="False" />
                <line number="86" hits="1109" branch="True" condition-coverage="100% (2/2)">
                  <conditions>
                    <condition number="11" type="jump" coverage="100%" />
                  </conditions>
                </line>
                <line number="88" hits="1106" branch="False" />
                <line number="90" hits="1106" branch="False" />
                <line number="91" hits="4462" branch="True" condition-coverage="100% (2/2)">
                  <conditions>
                    <condition number="97" type="jump" coverage="100%" />
                  </conditions>
                </line>
                <line number="92" hits="1125" branch="False" />
                <line number="93" hits="1125" branch="False" />
                <line number="94" hits="1125" branch="False" />
                <line number="95" hits="1125" branch="False" />
                <line number="98" hits="1106" branch="False" />
                <line number="99" hits="1106" branch="False" />
                <line number="101" hits="1106" branch="False" />
                <line number="102" hits="1106" branch="False" />
                <line number="103" hits="1106" branch="False" />
                <line number="106" hits="1106" branch="False" />
                <line number="107" hits="4462" branch="True" condition-coverage="100% (2/2)">
                  <conditions>
                    <condition number="284" type="jump" coverage="100%" />
                  </conditions>
                </line>
                <line number="108" hits="1125" branch="False" />
                <line number="109" hits="1125" branch="False" />
                <line number="110" hits="1125" branch="False" />
                <line number="111" hits="1125" branch="False" />
                <line number="112" hits="1125" branch="False" />
                <line number="113" hits="1125" branch="False" />
                <line number="114" hits="1106" branch="False" />
                <line number="117" hits="1106" branch="True" condition-coverage="100% (2/2)">
                  <conditions>
                    <condition number="324" type="jump" coverage="100%" />
                  </conditions>
                </line>
                <line number="118" hits="1103" branch="False" />
                <line number="119" hits="1103" branch="False" />
                <line number="120" hits="1103" branch="False" />
                <line number="121" hits="1103" branch="False" />
                <line number="122" hits="1103" branch="False" />
                <line number="123" hits="1103" branch="False" />
                <line number="126" hits="1106" branch="False" />
                <line number="127" hits="1106" branch="False" />
                <line number="129" hits="1106" branch="False" />
                <line number="130" hits="1119" branch="True" condition-coverage="100% (2/2)">
                  <conditions>
                    <condition number="464" type="jump" coverage="100%" />
                  </conditions>
                </line>
                <line number="131" hits="2212" branch="True" condition-coverage="100% (2/2)">
                  <conditions>
                    <condition number="482" type="jump" coverage="100%" />
                  </conditions>
                </line>
                <line number="133" hits="1106" branch="False" />
                <line number="134" hits="1106" branch="False" />
                <line number="135" hits="1106" branch="False" />
                <line number="136" hits="1106" branch="False" />
                <line number="137" hits="1106" branch="False" />
                <line number="139" hits="1106" branch="False" />
                <line number="140" hits="1106" branch="False" />
                <line number="142" hits="1106" branch="False" />
                <line number="143" hits="1106" branch="False" />
              </lines>
            </method>
            <method name="WriteAllMetaData" signature="(System.IO.BinaryWriter)" line-rate="1" branch-rate="1" complexity="16">
              <lines>
                <line number="146" hits="4" branch="False" />
                <line number="147" hits="4" branch="False" />
                <line number="148" hits="4" branch="False" />
                <line number="149" hits="20" branch="True" condition-coverage="100% (2/2)">
                  <conditions>
                    <condition number="84" type="jump" coverage="100%" />
                  </conditions>
                </line>
                <line number="150" hits="4" branch="False" />
                <line number="152" hits="4" branch="False" />
                <line number="154" hits="36" branch="True" condition-coverage="100% (2/2)">
                  <conditions>
                    <condition number="305" type="jump" coverage="100%" />
                  </conditions>
                </line>
                <line number="155" hits="12" branch="False" />
                <line number="156" hits="12" branch="True" condition-coverage="100% (2/2)">
                  <conditions>
                    <condition number="153" type="jump" coverage="100%" />
                  </conditions>
                </line>
                <line number="157" hits="4" branch="False" />
                <line number="158" hits="4" branch="False" />
                <line number="159" hits="4" branch="False" />
                <line number="160" hits="8" branch="True" condition-coverage="100% (2/2)">
                  <conditions>
                    <condition number="207" type="jump" coverage="100%" />
                  </conditions>
                </line>
                <line number="161" hits="4" branch="False" />
                <line number="162" hits="4" branch="False" />
                <line number="163" hits="4" branch="False" />
                <line number="164" hits="4" branch="True" condition-coverage="100% (2/2)">
                  <conditions>
                    <condition number="263" type="jump" coverage="100%" />
                  </conditions>
                </line>
                <line number="165" hits="4" branch="False" />
                <line number="166" hits="4" branch="False" />
                <line number="167" hits="4" branch="False" />
                <line number="168" hits="12" branch="False" />
                <line number="169" hits="4" branch="False" />
                <line number="170" hits="4" branch="False" />
                <line number="171" hits="24" branch="True" condition-coverage="100% (2/2)">
                  <conditions>
                    <condition number="412" type="jump" coverage="100%" />
                  </conditions>
                </line>
                <line number="172" hits="20" branch="True" condition-coverage="100% (2/2)">
                  <conditions>
                    <condition number="535" type="jump" coverage="100%" />
                  </conditions>
                </line>
                <line number="173" hits="24" branch="True" condition-coverage="100% (2/2)">
                  <conditions>
                    <condition number="511" type="jump" coverage="100%" />
                  </conditions>
                </line>
                <line number="174" hits="4" branch="False" />
              </lines>
            </method>
            <method name="WriteMetadataSegment" signature="()" line-rate="1" branch-rate="1" complexity="2">
              <lines>
                <line number="179" hits="4" branch="False" />
                <line number="180" hits="4" branch="False" />
                <line number="183" hits="4" branch="False" />
                <line number="184" hits="4" branch="False" />
                <line number="186" hits="4" branch="False" />
                <line number="187" hits="4" branch="False" />
                <line number="188" hits="4" branch="False" />
                <line number="191" hits="4" branch="True" condition-coverage="100% (2/2)">
                  <conditions>
                    <condition number="120" type="jump" coverage="100%" />
                  </conditions>
                </line>
                <line number="192" hits="1" branch="False" />
                <line number="193" hits="1" branch="False" />
                <line number="194" hits="1" branch="False" />
                <line number="195" hits="1" branch="False" />
                <line number="196" hits="1" branch="False" />
                <line number="197" hits="1" branch="False" />
                <line number="200" hits="4" branch="False" />
                <line number="201" hits="4" branch="False" />
                <line number="203" hits="4" branch="False" />
                <line number="205" hits="4" branch="False" />
                <line number="206" hits="4" branch="False" />
                <line number="207" hits="4" branch="False" />
                <line number="208" hits="4" branch="False" />
                <line number="209" hits="4" branch="False" />
                <line number="211" hits="4" branch="False" />
                <line number="212" hits="4" branch="False" />
                <line number="214" hits="4" branch="False" />
                <line number="215" hits="4" branch="False" />
                <line number="216" hits="4" branch="False" />
                <line number="217" hits="4" branch="False" />
              </lines>
            </method>
            <method name="WriteMetaData" signature="(System.IO.BinaryWriter,TDMSSharp.TdmsChannel[],System.Collections.Generic.Dictionary`2&lt;TDMSSharp.TdmsChannel,System.UInt64&gt;)" line-rate="1" branch-rate="1" complexity="16">
              <lines>
                <line number="220" hits="1106" branch="False" />
                <line number="221" hits="1106" branch="False" />
                <line number="222" hits="1106" branch="False" />
                <line number="224" hits="1106" branch="True" condition-coverage="100% (2/2)">
                  <conditions>
                    <condition number="30" type="jump" coverage="100%" />
                  </conditions>
                </line>
                <line number="225" hits="3" branch="False" />
                <line number="226" hits="3" branch="False" />
                <line number="227" hits="3" branch="False" />
                <line number="228" hits="3" branch="False" />
                <line number="230" hits="5568" branch="True" condition-coverage="100% (2/2)">
                  <conditions>
                    <condition number="203" type="jump" coverage="100%" />
                  </conditions>
                </line>
                <line number="231" hits="1125" branch="False" />
                <line number="232" hits="1125" branch="False" />
                <line number="233" hits="1125" branch="False" />
                <line number="235" hits="1125" branch="True" condition-coverage="100% (2/2)">
                  <conditions>
                    <condition number="121" type="jump" coverage="100%" />
                  </conditions>
                </line>
                <line number="236" hits="24" branch="False" />
                <line number="237" hits="24" branch="False" />
                <line number="238" hits="24" branch="False" />
                <line number="239" hits="24" branch="False" />
                <line number="240" hits="24" branch="False" />
                <line number="242" hits="1125" branch="False" />
                <line number="243" hits="1125" branch="True" condition-coverage="100% (2/2)">
                  <conditions>
                    <condition number="185" type="jump" coverage="100%" />
                  </conditions>
                </line>
                <line number="244" hits="32" branch="False" />
                <line number="245" hits="32" branch="False" />
                <line number="246" hits="32" branch="False" />
                <line number="247" hits="1125" branch="False" />
                <line number="249" hits="1106" branch="False" />
                <line number="251" hits="5622" branch="True" condition-coverage="100% (2/2)">
                  <conditions>
                    <condition number="479" type="jump" coverage="100%" />
                  </conditions>
                </line>
                <line number="252" hits="1152" branch="False" />
                <line number="253" hits="1152" branch="True" condition-coverage="100% (2/2)">
                  <conditions>
                    <condition number="263" type="jump" coverage="100%" />
                  </conditions>
                </line>
                <line number="254" hits="3" branch="False" />
                <line number="255" hits="3" branch="False" />
                <line number="256" hits="3" branch="False" />
                <line number="257" hits="3" branch="False" />
                <line number="258" hits="1149" branch="True" condition-coverage="100% (2/2)">
                  <conditions>
                    <condition number="337" type="jump" coverage="100%" />
                  </conditions>
                </line>
                <line number="259" hits="24" branch="False" />
                <line number="260" hits="24" branch="False" />
                <line number="261" hits="24" branch="False" />
                <line number="262" hits="24" branch="False" />
                <line number="263" hits="1125" branch="True" condition-coverage="100% (2/2)">
                  <conditions>
                    <condition number="412" type="jump" coverage="100%" />
                  </conditions>
                </line>
                <line number="264" hits="1125" branch="False" />
                <line number="265" hits="1125" branch="False" />
                <line number="266" hits="1125" branch="False" />
                <line number="267" hits="1125" branch="False" />
                <line number="268" hits="1152" branch="False" />
                <line number="270" hits="1106" branch="False" />
                <line number="271" hits="1106" branch="False" />
              </lines>
            </method>
            <method name="WriteRawDataIndex" signature="(System.IO.BinaryWriter,TDMSSharp.TdmsChannel,System.UInt64)" line-rate="0" branch-rate="0" complexity="6">
              <lines>
                <line number="274" hits="0" branch="False" />
                <line number="276" hits="0" branch="False" />
                <line number="277" hits="0" branch="False" />
                <line number="279" hits="0" branch="False" />
                <line number="280" hits="0" branch="False" />
                <line number="281" hits="0" branch="False" />
                <line number="282" hits="0" branch="False" />
                <line number="283" hits="0" branch="False" />
                <line number="284" hits="0" branch="False" />
                <line number="286" hits="0" branch="True" condition-coverage="0% (0/4)">
                  <conditions>
                    <condition number="91" type="jump" coverage="0%" />
                    <condition number="107" type="jump" coverage="0%" />
                  </conditions>
                </line>
                <line number="287" hits="0" branch="False" />
                <line number="288" hits="0" branch="False" />
                <line number="289" hits="0" branch="True" condition-coverage="0% (0/2)">
                  <conditions>
                    <condition number="170" type="jump" coverage="0%" />
                  </conditions>
                </line>
                <line number="290" hits="0" branch="False" />
                <line number="291" hits="0" branch="False" />
                <line number="292" hits="0" branch="False" />
                <line number="293" hits="0" branch="False" />
                <line number="295" hits="0" branch="False" />
                <line number="296" hits="0" branch="False" />
                <line number="297" hits="0" branch="False" />
              </lines>
            </method>
            <method name="GetGroupName" signature="(System.String)" line-rate="1" branch-rate="0.5" complexity="2">
              <lines>
                <line number="300" hits="1125" branch="False" />
                <line number="301" hits="1125" branch="False" />
                <line number="302" hits="1125" branch="True" condition-coverage="50% (1/2)">
                  <conditions>
                    <condition number="31" type="jump" coverage="50%" />
                  </conditions>
                </line>
                <line number="303" hits="1125" branch="False" />
                <line number="304" hits="1125" branch="False" />
              </lines>
            </method>
            <method name="Dispose" signature="()" line-rate="1" branch-rate="0.8332999999999999" complexity="6">
              <lines>
                <line number="310" hits="6" branch="False" />
                <line number="311" hits="6" branch="True" condition-coverage="100% (2/2)">
                  <conditions>
                    <condition number="9" type="jump" coverage="100%" />
                  </conditions>
                </line>
                <line number="312" hits="1" branch="False" />
                <line number="313" hits="1" branch="False" />
                <line number="314" hits="1" branch="False" />
                <line number="315" hits="6" branch="True" condition-coverage="100% (2/2)">
                  <conditions>
                    <condition number="35" type="jump" coverage="100%" />
                  </conditions>
                </line>
                <line number="316" hits="6" branch="False" />
                <line number="317" hits="6" branch="False" />
                <line number="318" hits="6" branch="False" />
                <line number="319" hits="6" branch="False" />
                <line number="320" hits="6" branch="False" />
                <line number="321" hits="6" branch="False" />
                <line number="322" hits="6" branch="True" condition-coverage="50% (1/2)">
                  <conditions>
                    <condition number="117" type="jump" coverage="50%" />
                  </conditions>
                </line>
                <line number="323" hits="6" branch="False" />
              </lines>
            </method>
            <method name=".ctor" signature="(System.IO.Stream,TDMSSharp.TdmsFile)" line-rate="1" branch-rate="1" complexity="1">
              <lines>
                <line number="15" hits="6" branch="False" />
                <line number="16" hits="6" branch="False" />
                <line number="17" hits="6" branch="False" />
                <line number="24" hits="6" branch="False" />
                <line number="25" hits="6" branch="False" />
                <line number="26" hits="6" branch="False" />
                <line number="27" hits="6" branch="False" />
                <line number="28" hits="6" branch="False" />
                <line number="176" hits="6" branch="False" />
              </lines>
            </method>
          </methods>
          <lines>
            <line number="34" hits="0" branch="False" />
            <line number="35" hits="0" branch="True" condition-coverage="0% (0/6)">
              <conditions>
                <condition number="17" type="jump" coverage="0%" />
                <condition number="35" type="jump" coverage="0%" />
                <condition number="63" type="jump" coverage="0%" />
              </conditions>
            </line>
            <line number="37" hits="0" branch="False" />
            <line number="40" hits="0" branch="False" />
            <line number="41" hits="0" branch="False" />
            <line number="43" hits="0" branch="False" />
            <line number="44" hits="0" branch="False" />
            <line number="45" hits="0" branch="False" />
            <line number="48" hits="0" branch="True" condition-coverage="0% (0/2)">
              <conditions>
                <condition number="189" type="jump" coverage="0%" />
              </conditions>
            </line>
            <line number="49" hits="0" branch="False" />
            <line number="50" hits="0" branch="False" />
            <line number="51" hits="0" branch="False" />
            <line number="52" hits="0" branch="False" />
            <line number="53" hits="0" branch="False" />
            <line number="54" hits="0" branch="False" />
            <line number="57" hits="0" branch="False" />
            <line number="58" hits="0" branch="False" />
            <line number="60" hits="0" branch="False" />
            <line number="62" hits="0" branch="False" />
            <line number="63" hits="0" branch="False" />
            <line number="64" hits="0" branch="False" />
            <line number="65" hits="0" branch="False" />
            <line number="66" hits="0" branch="False" />
            <line number="68" hits="0" branch="False" />
            <line number="69" hits="0" branch="False" />
            <line number="71" hits="0" branch="False" />
            <line number="72" hits="0" branch="False" />
            <line number="77" hits="1124" branch="False" />
            <line number="85" hits="1106" branch="False" />
            <line number="86" hits="1109" branch="True" condition-coverage="100% (2/2)">
              <conditions>
                <condition number="11" type="jump" coverage="100%" />
              </conditions>
            </line>
            <line number="88" hits="1106" branch="False" />
            <line number="90" hits="1106" branch="False" />
            <line number="91" hits="4462" branch="True" condition-coverage="100% (2/2)">
              <conditions>
                <condition number="97" type="jump" coverage="100%" />
              </conditions>
            </line>
            <line number="92" hits="1125" branch="False" />
            <line number="93" hits="1125" branch="False" />
            <line number="94" hits="1125" branch="False" />
            <line number="95" hits="1125" branch="False" />
            <line number="98" hits="1106" branch="False" />
            <line number="99" hits="1106" branch="False" />
            <line number="101" hits="1106" branch="False" />
            <line number="102" hits="1106" branch="False" />
            <line number="103" hits="1106" branch="False" />
            <line number="106" hits="1106" branch="False" />
            <line number="107" hits="4462" branch="True" condition-coverage="100% (2/2)">
              <conditions>
                <condition number="284" type="jump" coverage="100%" />
              </conditions>
            </line>
            <line number="108" hits="1125" branch="False" />
            <line number="109" hits="1125" branch="False" />
            <line number="110" hits="1125" branch="False" />
            <line number="111" hits="1125" branch="False" />
            <line number="112" hits="1125" branch="False" />
            <line number="113" hits="1125" branch="False" />
            <line number="114" hits="1106" branch="False" />
            <line number="117" hits="1106" branch="True" condition-coverage="100% (2/2)">
              <conditions>
                <condition number="324" type="jump" coverage="100%" />
              </conditions>
            </line>
            <line number="118" hits="1103" branch="False" />
            <line number="119" hits="1103" branch="False" />
            <line number="120" hits="1103" branch="False" />
            <line number="121" hits="1103" branch="False" />
            <line number="122" hits="1103" branch="False" />
            <line number="123" hits="1103" branch="False" />
            <line number="126" hits="1106" branch="False" />
            <line number="127" hits="1106" branch="False" />
            <line number="129" hits="1106" branch="False" />
            <line number="130" hits="1119" branch="True" condition-coverage="100% (2/2)">
              <conditions>
                <condition number="464" type="jump" coverage="100%" />
              </conditions>
            </line>
            <line number="131" hits="2212" branch="True" condition-coverage="100% (2/2)">
              <conditions>
                <condition number="482" type="jump" coverage="100%" />
              </conditions>
            </line>
            <line number="133" hits="1106" branch="False" />
            <line number="134" hits="1106" branch="False" />
            <line number="135" hits="1106" branch="False" />
            <line number="136" hits="1106" branch="False" />
            <line number="137" hits="1106" branch="False" />
            <line number="139" hits="1106" branch="False" />
            <line number="140" hits="1106" branch="False" />
            <line number="142" hits="1106" branch="False" />
            <line number="143" hits="1106" branch="False" />
            <line number="146" hits="4" branch="False" />
            <line number="147" hits="4" branch="False" />
            <line number="148" hits="4" branch="False" />
            <line number="149" hits="20" branch="True" condition-coverage="100% (2/2)">
              <conditions>
                <condition number="84" type="jump" coverage="100%" />
              </conditions>
            </line>
            <line number="150" hits="4" branch="False" />
            <line number="152" hits="4" branch="False" />
            <line number="154" hits="36" branch="True" condition-coverage="100% (2/2)">
              <conditions>
                <condition number="305" type="jump" coverage="100%" />
              </conditions>
            </line>
            <line number="155" hits="12" branch="False" />
            <line number="156" hits="12" branch="True" condition-coverage="100% (2/2)">
              <conditions>
                <condition number="153" type="jump" coverage="100%" />
              </conditions>
            </line>
            <line number="157" hits="4" branch="False" />
            <line number="158" hits="4" branch="False" />
            <line number="159" hits="4" branch="False" />
            <line number="160" hits="8" branch="True" condition-coverage="100% (2/2)">
              <conditions>
                <condition number="207" type="jump" coverage="100%" />
              </conditions>
            </line>
            <line number="161" hits="4" branch="False" />
            <line number="162" hits="4" branch="False" />
            <line number="163" hits="4" branch="False" />
            <line number="164" hits="4" branch="True" condition-coverage="100% (2/2)">
              <conditions>
                <condition number="263" type="jump" coverage="100%" />
              </conditions>
            </line>
            <line number="165" hits="4" branch="False" />
            <line number="166" hits="4" branch="False" />
            <line number="167" hits="4" branch="False" />
            <line number="168" hits="12" branch="False" />
            <line number="169" hits="4" branch="False" />
            <line number="170" hits="4" branch="False" />
            <line number="171" hits="24" branch="True" condition-coverage="100% (2/2)">
              <conditions>
                <condition number="412" type="jump" coverage="100%" />
              </conditions>
            </line>
            <line number="172" hits="20" branch="True" condition-coverage="100% (2/2)">
              <conditions>
                <condition number="535" type="jump" coverage="100%" />
              </conditions>
            </line>
            <line number="173" hits="24" branch="True" condition-coverage="100% (2/2)">
              <conditions>
                <condition number="511" type="jump" coverage="100%" />
              </conditions>
            </line>
            <line number="174" hits="4" branch="False" />
            <line number="179" hits="4" branch="False" />
            <line number="180" hits="4" branch="False" />
            <line number="183" hits="4" branch="False" />
            <line number="184" hits="4" branch="False" />
            <line number="186" hits="4" branch="False" />
            <line number="187" hits="4" branch="False" />
            <line number="188" hits="4" branch="False" />
            <line number="191" hits="4" branch="True" condition-coverage="100% (2/2)">
              <conditions>
                <condition number="120" type="jump" coverage="100%" />
              </conditions>
            </line>
            <line number="192" hits="1" branch="False" />
            <line number="193" hits="1" branch="False" />
            <line number="194" hits="1" branch="False" />
            <line number="195" hits="1" branch="False" />
            <line number="196" hits="1" branch="False" />
            <line number="197" hits="1" branch="False" />
            <line number="200" hits="4" branch="False" />
            <line number="201" hits="4" branch="False" />
            <line number="203" hits="4" branch="False" />
            <line number="205" hits="4" branch="False" />
            <line number="206" hits="4" branch="False" />
            <line number="207" hits="4" branch="False" />
            <line number="208" hits="4" branch="False" />
            <line number="209" hits="4" branch="False" />
            <line number="211" hits="4" branch="False" />
            <line number="212" hits="4" branch="False" />
            <line number="214" hits="4" branch="False" />
            <line number="215" hits="4" branch="False" />
            <line number="216" hits="4" branch="False" />
            <line number="217" hits="4" branch="False" />
            <line number="220" hits="1106" branch="False" />
            <line number="221" hits="1106" branch="False" />
            <line number="222" hits="1106" branch="False" />
            <line number="224" hits="1106" branch="True" condition-coverage="100% (2/2)">
              <conditions>
                <condition number="30" type="jump" coverage="100%" />
              </conditions>
            </line>
            <line number="225" hits="3" branch="False" />
            <line number="226" hits="3" branch="False" />
            <line number="227" hits="3" branch="False" />
            <line number="228" hits="3" branch="False" />
            <line number="230" hits="5568" branch="True" condition-coverage="100% (2/2)">
              <conditions>
                <condition number="203" type="jump" coverage="100%" />
              </conditions>
            </line>
            <line number="231" hits="1125" branch="False" />
            <line number="232" hits="1125" branch="False" />
            <line number="233" hits="1125" branch="False" />
            <line number="235" hits="1125" branch="True" condition-coverage="100% (2/2)">
              <conditions>
                <condition number="121" type="jump" coverage="100%" />
              </conditions>
            </line>
            <line number="236" hits="24" branch="False" />
            <line number="237" hits="24" branch="False" />
            <line number="238" hits="24" branch="False" />
            <line number="239" hits="24" branch="False" />
            <line number="240" hits="24" branch="False" />
            <line number="242" hits="1125" branch="False" />
            <line number="243" hits="1125" branch="True" condition-coverage="100% (2/2)">
              <conditions>
                <condition number="185" type="jump" coverage="100%" />
              </conditions>
            </line>
            <line number="244" hits="32" branch="False" />
            <line number="245" hits="32" branch="False" />
            <line number="246" hits="32" branch="False" />
            <line number="247" hits="1125" branch="False" />
            <line number="249" hits="1106" branch="False" />
            <line number="251" hits="5622" branch="True" condition-coverage="100% (2/2)">
              <conditions>
                <condition number="479" type="jump" coverage="100%" />
              </conditions>
            </line>
            <line number="252" hits="1152" branch="False" />
            <line number="253" hits="1152" branch="True" condition-coverage="100% (2/2)">
              <conditions>
                <condition number="263" type="jump" coverage="100%" />
              </conditions>
            </line>
            <line number="254" hits="3" branch="False" />
            <line number="255" hits="3" branch="False" />
            <line number="256" hits="3" branch="False" />
            <line number="257" hits="3" branch="False" />
            <line number="258" hits="1149" branch="True" condition-coverage="100% (2/2)">
              <conditions>
                <condition number="337" type="jump" coverage="100%" />
              </conditions>
            </line>
            <line number="259" hits="24" branch="False" />
            <line number="260" hits="24" branch="False" />
            <line number="261" hits="24" branch="False" />
            <line number="262" hits="24" branch="False" />
            <line number="263" hits="1125" branch="True" condition-coverage="100% (2/2)">
              <conditions>
                <condition number="412" type="jump" coverage="100%" />
              </conditions>
            </line>
            <line number="264" hits="1125" branch="False" />
            <line number="265" hits="1125" branch="False" />
            <line number="266" hits="1125" branch="False" />
            <line number="267" hits="1125" branch="False" />
            <line number="268" hits="1152" branch="False" />
            <line number="270" hits="1106" branch="False" />
            <line number="271" hits="1106" branch="False" />
            <line number="274" hits="0" branch="False" />
            <line number="276" hits="0" branch="False" />
            <line number="277" hits="0" branch="False" />
            <line number="279" hits="0" branch="False" />
            <line number="280" hits="0" branch="False" />
            <line number="281" hits="0" branch="False" />
            <line number="282" hits="0" branch="False" />
            <line number="283" hits="0" branch="False" />
            <line number="284" hits="0" branch="False" />
            <line number="286" hits="0" branch="True" condition-coverage="0% (0/4)">
              <conditions>
                <condition number="91" type="jump" coverage="0%" />
                <condition number="107" type="jump" coverage="0%" />
              </conditions>
            </line>
            <line number="287" hits="0" branch="False" />
            <line number="288" hits="0" branch="False" />
            <line number="289" hits="0" branch="True" condition-coverage="0% (0/2)">
              <conditions>
                <condition number="170" type="jump" coverage="0%" />
              </conditions>
            </line>
            <line number="290" hits="0" branch="False" />
            <line number="291" hits="0" branch="False" />
            <line number="292" hits="0" branch="False" />
            <line number="293" hits="0" branch="False" />
            <line number="295" hits="0" branch="False" />
            <line number="296" hits="0" branch="False" />
            <line number="297" hits="0" branch="False" />
            <line number="300" hits="1125" branch="False" />
            <line number="301" hits="1125" branch="False" />
            <line number="302" hits="1125" branch="True" condition-coverage="50% (1/2)">
              <conditions>
                <condition number="31" type="jump" coverage="50%" />
              </conditions>
            </line>
            <line number="303" hits="1125" branch="False" />
            <line number="304" hits="1125" branch="False" />
            <line number="310" hits="6" branch="False" />
            <line number="311" hits="6" branch="True" condition-coverage="100% (2/2)">
              <conditions>
                <condition number="9" type="jump" coverage="100%" />
              </conditions>
            </line>
            <line number="312" hits="1" branch="False" />
            <line number="313" hits="1" branch="False" />
            <line number="314" hits="1" branch="False" />
            <line number="315" hits="6" branch="True" condition-coverage="100% (2/2)">
              <conditions>
                <condition number="35" type="jump" coverage="100%" />
              </conditions>
            </line>
            <line number="316" hits="6" branch="False" />
            <line number="317" hits="6" branch="False" />
            <line number="318" hits="6" branch="False" />
            <line number="319" hits="6" branch="False" />
            <line number="320" hits="6" branch="False" />
            <line number="321" hits="6" branch="False" />
            <line number="322" hits="6" branch="True" condition-coverage="50% (1/2)">
              <conditions>
                <condition number="117" type="jump" coverage="50%" />
              </conditions>
            </line>
            <line number="323" hits="6" branch="False" />
            <line number="15" hits="6" branch="False" />
            <line number="16" hits="6" branch="False" />
            <line number="17" hits="6" branch="False" />
            <line number="24" hits="6" branch="False" />
            <line number="25" hits="6" branch="False" />
            <line number="26" hits="6" branch="False" />
            <line number="27" hits="6" branch="False" />
            <line number="28" hits="6" branch="False" />
            <line number="176" hits="6" branch="False" />
          </lines>
        </class>
        <class name="TDMSSharp.TdmsChannel" filename="TdmsChannel.cs" line-rate="0.8856999999999999" branch-rate="0.8332999999999999" complexity="13">
          <methods>
            <method name="get_Path" signature="()" line-rate="1" branch-rate="1" complexity="1">
              <lines>
                <line number="13" hits="7741" branch="False" />
              </lines>
            </method>
            <method name="get_Properties" signature="()" line-rate="1" branch-rate="1" complexity="1">
              <lines>
                <line number="18" hits="2253" branch="False" />
              </lines>
            </method>
            <method name="get_DataType" signature="()" line-rate="1" branch-rate="1" complexity="1">
              <lines>
                <line number="23" hits="4384" branch="False" />
              </lines>
            </method>
            <method name="get_NumberOfValues" signature="()" line-rate="1" branch-rate="1" complexity="1">
              <lines>
                <line number="28" hits="4325" branch="False" />
              </lines>
            </method>
            <method name="get_Data" signature="()" line-rate="1" branch-rate="1" complexity="1">
              <lines>
                <line number="33" hits="31" branch="False" />
              </lines>
            </method>
            <method name="AddProperty" signature="(System.String,T)" line-rate="1" branch-rate="1" complexity="2">
              <lines>
                <line number="51" hits="3" branch="False" />
                <line number="52" hits="3" branch="True" condition-coverage="100% (2/2)">
                  <conditions>
                    <condition number="12" type="jump" coverage="100%" />
                  </conditions>
                </line>
                <line number="53" hits="3" branch="False" />
                <line number="54" hits="3" branch="False" />
                <line number="55" hits="3" branch="False" />
              </lines>
            </method>
            <method name="GetData" signature="()" line-rate="0.8332999999999999" branch-rate="0.5" complexity="2">
              <lines>
                <line number="63" hits="4" branch="False" />
                <line number="64" hits="4" branch="True" condition-coverage="50% (1/2)">
                  <conditions>
                    <condition number="14" type="jump" coverage="50%" />
                  </conditions>
                </line>
                <line number="65" hits="4" branch="False" />
                <line number="66" hits="4" branch="False" />
                <line number="68" hits="0" branch="False" />
                <line number="69" hits="4" branch="False" />
              </lines>
            </method>
            <method name="GetDataAsArray" signature="()" line-rate="0" branch-rate="1" complexity="1">
              <lines>
                <line number="76" hits="0" branch="False" />
                <line number="77" hits="0" branch="False" />
                <line number="78" hits="0" branch="False" />
              </lines>
            </method>
            <method name="DeepClone" signature="()" line-rate="1" branch-rate="1" complexity="2">
              <lines>
                <line number="85" hits="4" branch="False" />
                <line number="86" hits="4" branch="False" />
                <line number="87" hits="4" branch="False" />
                <line number="88" hits="4" branch="False" />
                <line number="89" hits="4" branch="False" />
                <line number="90" hits="4" branch="False" />
                <line number="91" hits="16" branch="True" condition-coverage="100% (2/2)">
                  <conditions>
                    <condition number="104" type="jump" coverage="100%" />
                  </conditions>
                </line>
                <line number="92" hits="2" branch="False" />
                <line number="93" hits="2" branch="False" />
                <line number="94" hits="2" branch="False" />
                <line number="95" hits="4" branch="False" />
                <line number="96" hits="4" branch="False" />
              </lines>
            </method>
            <method name=".ctor" signature="(System.String)" line-rate="1" branch-rate="1" complexity="1">
              <lines>
                <line number="39" hits="84" branch="False" />
                <line number="40" hits="84" branch="False" />
                <line number="41" hits="84" branch="False" />
                <line number="42" hits="84" branch="False" />
              </lines>
            </method>
          </methods>
          <lines>
            <line number="13" hits="7741" branch="False" />
            <line number="18" hits="2253" branch="False" />
            <line number="23" hits="4384" branch="False" />
            <line number="28" hits="4325" branch="False" />
            <line number="33" hits="31" branch="False" />
            <line number="51" hits="3" branch="False" />
            <line number="52" hits="3" branch="True" condition-coverage="100% (2/2)">
              <conditions>
                <condition number="12" type="jump" coverage="100%" />
              </conditions>
            </line>
            <line number="53" hits="3" branch="False" />
            <line number="54" hits="3" branch="False" />
            <line number="55" hits="3" branch="False" />
            <line number="63" hits="4" branch="False" />
            <line number="64" hits="4" branch="True" condition-coverage="50% (1/2)">
              <conditions>
                <condition number="14" type="jump" coverage="50%" />
              </conditions>
            </line>
            <line number="65" hits="4" branch="False" />
            <line number="66" hits="4" branch="False" />
            <line number="68" hits="0" branch="False" />
            <line number="69" hits="4" branch="False" />
            <line number="76" hits="0" branch="False" />
            <line number="77" hits="0" branch="False" />
            <line number="78" hits="0" branch="False" />
            <line number="85" hits="4" branch="False" />
            <line number="86" hits="4" branch="False" />
            <line number="87" hits="4" branch="False" />
            <line number="88" hits="4" branch="False" />
            <line number="89" hits="4" branch="False" />
            <line number="90" hits="4" branch="False" />
            <line number="91" hits="16" branch="True" condition-coverage="100% (2/2)">
              <conditions>
                <condition number="104" type="jump" coverage="100%" />
              </conditions>
            </line>
            <line number="92" hits="2" branch="False" />
            <line number="93" hits="2" branch="False" />
            <line number="94" hits="2" branch="False" />
            <line number="95" hits="4" branch="False" />
            <line number="96" hits="4" branch="False" />
            <line number="39" hits="84" branch="False" />
            <line number="40" hits="84" branch="False" />
            <line number="41" hits="84" branch="False" />
            <line number="42" hits="84" branch="False" />
          </lines>
        </class>
        <class name="TDMSSharp.TdmsChannel`1" filename="TdmsChannel.Generic.cs" line-rate="0.7837000000000001" branch-rate="0.75" complexity="29">
          <methods>
            <method name="get_Data" signature="()" line-rate="1" branch-rate="1" complexity="4">
              <lines>
                <line number="23" hits="35" branch="False" />
                <line number="24" hits="35" branch="True" condition-coverage="100% (4/4)">
                  <conditions>
                    <condition number="7" type="jump" coverage="100%" />
                    <condition number="28" type="jump" coverage="100%" />
                  </conditions>
                </line>
                <line number="25" hits="14" branch="False" />
                <line number="26" hits="14" branch="False" />
                <line number="27" hits="14" branch="False" />
                <line number="28" hits="35" branch="False" />
                <line number="29" hits="35" branch="False" />
              </lines>
            </method>
            <method name="set_Data" signature="(T[])" line-rate="0.7692" branch-rate="0.5" complexity="2">
              <lines>
                <line number="31" hits="10" branch="False" />
                <line number="32" hits="10" branch="False" />
                <line number="33" hits="10" branch="False" />
                <line number="34" hits="10" branch="True" condition-coverage="50% (1/2)">
                  <conditions>
                    <condition number="26" type="jump" coverage="50%" />
                  </conditions>
                </line>
                <line number="35" hits="10" branch="False" />
                <line number="36" hits="10" branch="False" />
                <line number="37" hits="10" branch="False" />
                <line number="38" hits="10" branch="False" />
                <line number="40" hits="0" branch="False" />
                <line number="41" hits="0" branch="False" />
                <line number="42" hits="0" branch="False" />
                <line number="43" hits="10" branch="False" />
                <line number="44" hits="10" branch="False" />
              </lines>
            </method>
            <method name="AddDataChunk" signature="(T[])" line-rate="1" branch-rate="0.75" complexity="4">
              <lines>
                <line number="61" hits="1023" branch="False" />
                <line number="62" hits="1023" branch="True" condition-coverage="75% (3/4)">
                  <conditions>
                    <condition number="2" type="jump" coverage="50%" />
                    <condition number="14" type="jump" coverage="100%" />
                  </conditions>
                </line>
                <line number="64" hits="1023" branch="False" />
                <line number="65" hits="1023" branch="False" />
                <line number="66" hits="1023" branch="False" />
              </lines>
            </method>
            <method name="CombineChunks" signature="()" line-rate="0.8518000000000001" branch-rate="0.875" complexity="8">
              <lines>
                <line number="69" hits="14" branch="False" />
                <line number="70" hits="14" branch="True" condition-coverage="50% (1/2)">
                  <conditions>
                    <condition number="17" type="jump" coverage="50%" />
                  </conditions>
                </line>
                <line number="71" hits="0" branch="False" />
                <line number="72" hits="0" branch="False" />
                <line number="73" hits="0" branch="False" />
                <line number="74" hits="0" branch="False" />
                <line number="77" hits="14" branch="True" condition-coverage="100% (2/2)">
                  <conditions>
                    <condition number="56" type="jump" coverage="100%" />
                  </conditions>
                </line>
                <line number="78" hits="13" branch="False" />
                <line number="79" hits="13" branch="False" />
                <line number="80" hits="13" branch="False" />
                <line number="81" hits="13" branch="False" />
                <line number="84" hits="1" branch="False" />
                <line number="85" hits="7" branch="True" condition-coverage="100% (2/2)">
                  <conditions>
                    <condition number="140" type="jump" coverage="100%" />
                  </conditions>
                </line>
                <line number="86" hits="2" branch="False" />
                <line number="87" hits="2" branch="False" />
                <line number="88" hits="2" branch="False" />
                <line number="90" hits="1" branch="False" />
                <line number="91" hits="1" branch="False" />
                <line number="92" hits="7" branch="True" condition-coverage="100% (2/2)">
                  <conditions>
                    <condition number="239" type="jump" coverage="100%" />
                  </conditions>
                </line>
                <line number="93" hits="2" branch="False" />
                <line number="94" hits="2" branch="False" />
                <line number="95" hits="2" branch="False" />
                <line number="96" hits="2" branch="False" />
                <line number="97" hits="1" branch="False" />
                <line number="98" hits="1" branch="False" />
                <line number="99" hits="1" branch="False" />
                <line number="100" hits="14" branch="False" />
              </lines>
            </method>
            <method name="AppendData" signature="(T[])" line-rate="0.4705" branch-rate="0.6" complexity="10">
              <lines>
                <line number="107" hits="1" branch="False" />
                <line number="108" hits="1" branch="True" condition-coverage="75% (3/4)">
                  <conditions>
                    <condition number="2" type="jump" coverage="50%" />
                    <condition number="14" type="jump" coverage="100%" />
                  </conditions>
                </line>
                <line number="110" hits="1" branch="True" condition-coverage="50% (2/4)">
                  <conditions>
                    <condition number="27" type="jump" coverage="50%" />
                    <condition number="48" type="jump" coverage="50%" />
                  </conditions>
                </line>
                <line number="111" hits="0" branch="False" />
                <line number="112" hits="0" branch="False" />
                <line number="113" hits="0" branch="False" />
                <line number="115" hits="1" branch="True" condition-coverage="50% (1/2)">
                  <conditions>
                    <condition number="70" type="jump" coverage="50%" />
                  </conditions>
                </line>
                <line number="116" hits="1" branch="False" />
                <line number="117" hits="1" branch="False" />
                <line number="118" hits="1" branch="False" />
                <line number="120" hits="0" branch="False" />
                <line number="121" hits="0" branch="False" />
                <line number="122" hits="0" branch="False" />
                <line number="123" hits="0" branch="False" />
                <line number="124" hits="0" branch="False" />
                <line number="125" hits="0" branch="False" />
                <line number="126" hits="1" branch="False" />
              </lines>
            </method>
            <method name=".ctor" signature="(System.String)" line-rate="1" branch-rate="1" complexity="1">
              <lines>
                <line number="14" hits="78" branch="False" />
                <line number="51" hits="78" branch="False" />
                <line number="52" hits="78" branch="False" />
                <line number="53" hits="78" branch="False" />
                <line number="54" hits="78" branch="False" />
              </lines>
            </method>
          </methods>
          <lines>
            <line number="23" hits="35" branch="False" />
            <line number="24" hits="35" branch="True" condition-coverage="100% (4/4)">
              <conditions>
                <condition number="7" type="jump" coverage="100%" />
                <condition number="28" type="jump" coverage="100%" />
              </conditions>
            </line>
            <line number="25" hits="14" branch="False" />
            <line number="26" hits="14" branch="False" />
            <line number="27" hits="14" branch="False" />
            <line number="28" hits="35" branch="False" />
            <line number="29" hits="35" branch="False" />
            <line number="31" hits="10" branch="False" />
            <line number="32" hits="10" branch="False" />
            <line number="33" hits="10" branch="False" />
            <line number="34" hits="10" branch="True" condition-coverage="50% (1/2)">
              <conditions>
                <condition number="26" type="jump" coverage="50%" />
              </conditions>
            </line>
            <line number="35" hits="10" branch="False" />
            <line number="36" hits="10" branch="False" />
            <line number="37" hits="10" branch="False" />
            <line number="38" hits="10" branch="False" />
            <line number="40" hits="0" branch="False" />
            <line number="41" hits="0" branch="False" />
            <line number="42" hits="0" branch="False" />
            <line number="43" hits="10" branch="False" />
            <line number="44" hits="10" branch="False" />
            <line number="61" hits="1023" branch="False" />
            <line number="62" hits="1023" branch="True" condition-coverage="75% (3/4)">
              <conditions>
                <condition number="2" type="jump" coverage="50%" />
                <condition number="14" type="jump" coverage="100%" />
              </conditions>
            </line>
            <line number="64" hits="1023" branch="False" />
            <line number="65" hits="1023" branch="False" />
            <line number="66" hits="1023" branch="False" />
            <line number="69" hits="14" branch="False" />
            <line number="70" hits="14" branch="True" condition-coverage="50% (1/2)">
              <conditions>
                <condition number="17" type="jump" coverage="50%" />
              </conditions>
            </line>
            <line number="71" hits="0" branch="False" />
            <line number="72" hits="0" branch="False" />
            <line number="73" hits="0" branch="False" />
            <line number="74" hits="0" branch="False" />
            <line number="77" hits="14" branch="True" condition-coverage="100% (2/2)">
              <conditions>
                <condition number="56" type="jump" coverage="100%" />
              </conditions>
            </line>
            <line number="78" hits="13" branch="False" />
            <line number="79" hits="13" branch="False" />
            <line number="80" hits="13" branch="False" />
            <line number="81" hits="13" branch="False" />
            <line number="84" hits="1" branch="False" />
            <line number="85" hits="7" branch="True" condition-coverage="100% (2/2)">
              <conditions>
                <condition number="140" type="jump" coverage="100%" />
              </conditions>
            </line>
            <line number="86" hits="2" branch="False" />
            <line number="87" hits="2" branch="False" />
            <line number="88" hits="2" branch="False" />
            <line number="90" hits="1" branch="False" />
            <line number="91" hits="1" branch="False" />
            <line number="92" hits="7" branch="True" condition-coverage="100% (2/2)">
              <conditions>
                <condition number="239" type="jump" coverage="100%" />
              </conditions>
            </line>
            <line number="93" hits="2" branch="False" />
            <line number="94" hits="2" branch="False" />
            <line number="95" hits="2" branch="False" />
            <line number="96" hits="2" branch="False" />
            <line number="97" hits="1" branch="False" />
            <line number="98" hits="1" branch="False" />
            <line number="99" hits="1" branch="False" />
            <line number="100" hits="14" branch="False" />
            <line number="107" hits="1" branch="False" />
            <line number="108" hits="1" branch="True" condition-coverage="75% (3/4)">
              <conditions>
                <condition number="2" type="jump" coverage="50%" />
                <condition number="14" type="jump" coverage="100%" />
              </conditions>
            </line>
            <line number="110" hits="1" branch="True" condition-coverage="50% (2/4)">
              <conditions>
                <condition number="27" type="jump" coverage="50%" />
                <condition number="48" type="jump" coverage="50%" />
              </conditions>
            </line>
            <line number="111" hits="0" branch="False" />
            <line number="112" hits="0" branch="False" />
            <line number="113" hits="0" branch="False" />
            <line number="115" hits="1" branch="True" condition-coverage="50% (1/2)">
              <conditions>
                <condition number="70" type="jump" coverage="50%" />
              </conditions>
            </line>
            <line number="116" hits="1" branch="False" />
            <line number="117" hits="1" branch="False" />
            <line number="118" hits="1" branch="False" />
            <line number="120" hits="0" branch="False" />
            <line number="121" hits="0" branch="False" />
            <line number="122" hits="0" branch="False" />
            <line number="123" hits="0" branch="False" />
            <line number="124" hits="0" branch="False" />
            <line number="125" hits="0" branch="False" />
            <line number="126" hits="1" branch="False" />
            <line number="14" hits="78" branch="False" />
            <line number="51" hits="78" branch="False" />
            <line number="52" hits="78" branch="False" />
            <line number="53" hits="78" branch="False" />
            <line number="54" hits="78" branch="False" />
          </lines>
        </class>
        <class name="TDMSSharp.TdmsChannelExtensions" filename="TdmsChannelExtensions.cs" line-rate="0.8275" branch-rate="0.7434999999999999" complexity="79">
          <methods>
            <method name="AsView" signature="(TDMSSharp.TdmsChannel)" line-rate="0.8095" branch-rate="0.875" complexity="8">
              <lines>
                <line number="22" hits="3" branch="False" />
                <line number="23" hits="3" branch="True" condition-coverage="100% (2/2)">
                  <conditions>
                    <condition number="25" type="jump" coverage="100%" />
                  </conditions>
                </line>
                <line number="24" hits="1" branch="False" />
                <line number="26" hits="2" branch="False" />
                <line number="29" hits="2" branch="True" condition-coverage="50% (1/2)">
                  <conditions>
                    <condition number="140" type="jump" coverage="50%" />
                  </conditions>
                </line>
                <line number="30" hits="0" branch="False" />
                <line number="31" hits="0" branch="False" />
                <line number="32" hits="0" branch="False" />
                <line number="35" hits="2" branch="True" condition-coverage="100% (2/2)">
                  <conditions>
                    <condition number="170" type="jump" coverage="100%" />
                  </conditions>
                </line>
                <line number="36" hits="1" branch="False" />
                <line number="37" hits="1" branch="False" />
                <line number="38" hits="1" branch="False" />
                <line number="41" hits="2" branch="True" condition-coverage="100% (2/2)">
                  <conditions>
                    <condition number="200" type="jump" coverage="100%" />
                  </conditions>
                </line>
                <line number="42" hits="1" branch="False" />
                <line number="43" hits="1" branch="False" />
                <line number="44" hits="1" branch="False" />
                <line number="45" hits="0" branch="False" />
                <line number="46" hits="1" branch="False" />
                <line number="47" hits="1" branch="False" />
                <line number="51" hits="1" branch="False" />
                <line number="52" hits="1" branch="False" />
              </lines>
            </method>
            <method name="GetTypedData" signature="(TDMSSharp.TdmsChannel)" line-rate="0.8571" branch-rate="0.75" complexity="4">
              <lines>
                <line number="61" hits="14" branch="False" />
                <line number="62" hits="14" branch="True" condition-coverage="100% (2/2)">
                  <conditions>
                    <condition number="14" type="jump" coverage="100%" />
                  </conditions>
                </line>
                <line number="63" hits="13" branch="False" />
                <line number="65" hits="1" branch="True" condition-coverage="50% (1/2)">
                  <conditions>
                    <condition number="45" type="jump" coverage="50%" />
                  </conditions>
                </line>
                <line number="66" hits="1" branch="False" />
                <line number="68" hits="0" branch="False" />
                <line number="69" hits="14" branch="False" />
              </lines>
            </method>
            <method name="StreamData" signature="(TDMSSharp.TdmsChannel,System.Int32)" line-rate="1" branch-rate="1" complexity="1">
              <lines>
                <line number="78" hits="1" branch="False" />
                <line number="79" hits="1" branch="False" />
                <line number="80" hits="1" branch="False" />
              </lines>
            </method>
            <method name="Transform" signature="(TDMSSharp.TdmsChannel,System.Func`2&lt;TSource,TResult&gt;)" line-rate="1" branch-rate="1" complexity="2">
              <lines>
                <line number="113" hits="2" branch="False" />
                <line number="114" hits="2" branch="False" />
                <line number="115" hits="2" branch="True" condition-coverage="100% (2/2)">
                  <conditions>
                    <condition number="37" type="jump" coverage="100%" />
                  </conditions>
                </line>
                <line number="116" hits="1" branch="False" />
                <line number="118" hits="1" branch="False" />
                <line number="119" hits="1" branch="False" />
                <line number="121" hits="1" branch="False" />
                <line number="122" hits="3" branch="False" />
                <line number="123" hits="3" branch="False" />
                <line number="124" hits="4" branch="False" />
                <line number="126" hits="1" branch="False" />
                <line number="127" hits="1" branch="False" />
                <line number="128" hits="1" branch="False" />
              </lines>
            </method>
            <method name="Where" signature="(TDMSSharp.TdmsChannel,System.Func`2&lt;T,System.Boolean&gt;)" line-rate="1" branch-rate="1" complexity="2">
              <lines>
                <line number="139" hits="2" branch="False" />
                <line number="140" hits="2" branch="False" />
                <line number="141" hits="2" branch="True" condition-coverage="100% (2/2)">
                  <conditions>
                    <condition number="14" type="jump" coverage="100%" />
                  </conditions>
                </line>
                <line number="142" hits="1" branch="False" />
                <line number="144" hits="1" branch="False" />
                <line number="145" hits="1" branch="False" />
                <line number="146" hits="1" branch="False" />
                <line number="147" hits="1" branch="False" />
                <line number="148" hits="1" branch="False" />
                <line number="150" hits="1" branch="False" />
                <line number="151" hits="1" branch="False" />
              </lines>
            </method>
            <method name="ComputeStatistics" signature="(System.Collections.Generic.IEnumerable`1&lt;T&gt;)" line-rate="0.7434999999999999" branch-rate="0.875" complexity="8">
              <lines>
                <line number="184" hits="1" branch="False" />
                <line number="185" hits="1" branch="False" />
                <line number="186" hits="1" branch="False" />
                <line number="187" hits="1" branch="False" />
                <line number="188" hits="1" branch="False" />
                <line number="189" hits="1" branch="False" />
                <line number="191" hits="13" branch="True" condition-coverage="100% (2/2)">
                  <conditions>
                    <condition number="138" type="jump" coverage="100%" />
                  </conditions>
                </line>
                <line number="192" hits="5" branch="False" />
                <line number="193" hits="5" branch="False" />
                <line number="194" hits="5" branch="False" />
                <line number="195" hits="5" branch="False" />
                <line number="196" hits="6" branch="True" condition-coverage="100% (2/2)">
                  <conditions>
                    <condition number="104" type="jump" coverage="100%" />
                  </conditions>
                </line>
                <line number="197" hits="10" branch="True" condition-coverage="100% (2/2)">
                  <conditions>
                    <condition number="118" type="jump" coverage="100%" />
                  </conditions>
                </line>
                <line number="198" hits="5" branch="False" />
                <line number="199" hits="5" branch="False" />
                <line number="201" hits="1" branch="True" condition-coverage="50% (1/2)">
                  <conditions>
                    <condition number="165" type="jump" coverage="50%" />
                  </conditions>
                </line>
                <line number="202" hits="0" branch="False" />
                <line number="203" hits="0" branch="False" />
                <line number="204" hits="0" branch="False" />
                <line number="205" hits="0" branch="False" />
                <line number="206" hits="0" branch="False" />
                <line number="207" hits="0" branch="False" />
                <line number="208" hits="0" branch="False" />
                <line number="209" hits="0" branch="False" />
                <line number="210" hits="0" branch="False" />
                <line number="211" hits="0" branch="False" />
                <line number="214" hits="1" branch="False" />
                <line number="215" hits="1" branch="False" />
                <line number="216" hits="1" branch="False" />
                <line number="218" hits="1" branch="False" />
                <line number="219" hits="1" branch="False" />
                <line number="220" hits="1" branch="False" />
                <line number="221" hits="1" branch="False" />
                <line number="222" hits="1" branch="False" />
                <line number="223" hits="1" branch="False" />
                <line number="224" hits="1" branch="False" />
                <line number="225" hits="1" branch="False" />
                <line number="226" hits="1" branch="False" />
                <line number="227" hits="1" branch="False" />
              </lines>
            </method>
            <method name="Resample" signature="(TDMSSharp.TdmsChannel,System.Double,System.Double,TDMSSharp.InterpolationType)" line-rate="0.7777" branch-rate="0.7142000000000001" complexity="14">
              <lines>
                <line number="244" hits="2" branch="False" />
                <line number="245" hits="2" branch="False" />
                <line number="246" hits="2" branch="True" condition-coverage="50% (1/2)">
                  <conditions>
                    <condition number="16" type="jump" coverage="50%" />
                  </conditions>
                </line>
                <line number="247" hits="0" branch="False" />
                <line number="249" hits="2" branch="False" />
                <line number="250" hits="2" branch="False" />
                <line number="251" hits="2" branch="False" />
                <line number="253" hits="2" branch="True" condition-coverage="100% (4/4)">
                  <conditions>
                    <condition number="50" type="jump" coverage="100%" />
                    <condition number="64" type="jump" coverage="100%" />
                  </conditions>
                </line>
                <line number="254" hits="1" branch="False" />
                <line number="255" hits="12" branch="True" condition-coverage="100% (2/2)">
                  <conditions>
                    <condition number="227" type="jump" coverage="100%" />
                  </conditions>
                </line>
                <line number="256" hits="5" branch="False" />
                <line number="257" hits="5" branch="False" />
                <line number="258" hits="5" branch="False" />
                <line number="259" hits="5" branch="False" />
                <line number="260" hits="5" branch="False" />
                <line number="262" hits="5" branch="False" />
                <line number="263" hits="5" branch="False" />
                <line number="264" hits="5" branch="False" />
                <line number="266" hits="5" branch="False" />
                <line number="267" hits="5" branch="False" />
                <line number="268" hits="1" branch="False" />
                <line number="270" hits="1" branch="False" />
                <line number="272" hits="12" branch="True" condition-coverage="100% (2/2)">
                  <conditions>
                    <condition number="301" type="jump" coverage="100%" />
                  </conditions>
                </line>
                <line number="273" hits="5" branch="False" />
                <line number="274" hits="5" branch="False" />
                <line number="275" hits="5" branch="False" />
                <line number="276" hits="5" branch="False" />
                <line number="277" hits="5" branch="False" />
                <line number="278" hits="1" branch="False" />
                <line number="280" hits="2" branch="False" />
                <line number="281" hits="2" branch="False" />
                <line number="282" hits="2" branch="False" />
                <line number="283" hits="2" branch="False" />
                <line number="286" hits="6" branch="True" condition-coverage="50% (1/2)">
                  <conditions>
                    <condition number="437" type="jump" coverage="50%" />
                  </conditions>
                </line>
                <line number="287" hits="0" branch="False" />
                <line number="288" hits="0" branch="True" condition-coverage="0% (0/2)">
                  <conditions>
                    <condition number="382" type="jump" coverage="0%" />
                  </conditions>
                </line>
                <line number="289" hits="0" branch="False" />
                <line number="290" hits="0" branch="False" />
                <line number="291" hits="0" branch="False" />
                <line number="293" hits="0" branch="False" />
                <line number="294" hits="0" branch="False" />
                <line number="295" hits="0" branch="False" />
                <line number="296" hits="0" branch="False" />
                <line number="298" hits="2" branch="False" />
                <line number="299" hits="2" branch="False" />
              </lines>
            </method>
            <method name="ApplyWindow" signature="(TDMSSharp.TdmsChannel,TDMSSharp.WindowFunction,System.Int32)" line-rate="0.6" branch-rate="0.5" complexity="8">
              <lines>
                <line number="314" hits="4" branch="False" />
                <line number="315" hits="4" branch="False" />
                <line number="316" hits="4" branch="True" condition-coverage="50% (1/2)">
                  <conditions>
                    <condition number="37" type="jump" coverage="50%" />
                  </conditions>
                </line>
                <line number="317" hits="0" branch="False" />
                <line number="319" hits="4" branch="False" />
                <line number="320" hits="4" branch="False" />
                <line number="322" hits="4" branch="False" />
                <line number="323" hits="40" branch="False" />
                <line number="324" hits="40" branch="True" condition-coverage="75% (3/4)">
                  <conditions>
                    <condition number="10" type="jump" coverage="100%" />
                    <condition number="40" type="jump" coverage="50%" />
                  </conditions>
                </line>
                <line number="325" hits="40" branch="False" />
                <line number="326" hits="40" branch="False" />
                <line number="327" hits="40" branch="False" />
                <line number="328" hits="4" branch="False" />
                <line number="329" hits="0" branch="False" />
                <line number="330" hits="0" branch="False" />
                <line number="331" hits="0" branch="True" condition-coverage="0% (0/2)">
                  <conditions>
                    <condition number="155" type="jump" coverage="0%" />
                  </conditions>
                </line>
                <line number="332" hits="0" branch="False" />
                <line number="333" hits="0" branch="False" />
                <line number="334" hits="0" branch="False" />
                <line number="335" hits="0" branch="False" />
                <line number="336" hits="0" branch="False" />
                <line number="337" hits="0" branch="False" />
                <line number="338" hits="44" branch="False" />
                <line number="340" hits="4" branch="False" />
                <line number="341" hits="4" branch="False" />
              </lines>
            </method>
            <method name="GenerateWindow" signature="(TDMSSharp.WindowFunction,System.Int32)" line-rate="1" branch-rate="1" complexity="14">
              <lines>
                <line number="344" hits="4" branch="False" />
                <line number="345" hits="4" branch="False" />
                <line number="347" hits="4" branch="True" condition-coverage="100% (4/4)">
                  <conditions>
                    <condition number="15" type="switch" coverage="100%" />
                  </conditions>
                </line>
                <line number="350" hits="22" branch="True" condition-coverage="100% (2/2)">
                  <conditions>
                    <condition number="106" type="jump" coverage="100%" />
                  </conditions>
                </line>
                <line number="351" hits="10" branch="False" />
                <line number="352" hits="10" branch="False" />
                <line number="353" hits="10" branch="False" />
                <line number="354" hits="1" branch="False" />
[...]
            <line number="138" hits="1167" branch="False" />
            <line number="141" hits="1126" branch="False" />
            <line number="142" hits="1126" branch="False" />
            <line number="143" hits="1126" branch="True" condition-coverage="100% (2/2)">
              <conditions>
                <condition number="19" type="jump" coverage="100%" />
              </conditions>
            </line>
            <line number="145" hits="1126" branch="False" />
            <line number="146" hits="1126" branch="True" condition-coverage="100% (2/2)">
              <conditions>
                <condition number="47" type="jump" coverage="100%" />
              </conditions>
            </line>
            <line number="148" hits="1126" branch="True" condition-coverage="50% (2/4)">
              <conditions>
                <condition number="60" type="jump" coverage="50%" />
                <condition number="85" type="jump" coverage="50%" />
              </conditions>
            </line>
            <line number="149" hits="1126" branch="False" />
            <line number="151" hits="1126" branch="False" />
            <line number="152" hits="1126" branch="False" />
            <line number="155" hits="1126" branch="True" condition-coverage="50% (1/2)">
              <conditions>
                <condition number="123" type="jump" coverage="50%" />
              </conditions>
            </line>
            <line number="156" hits="0" branch="False" />
            <line number="157" hits="0" branch="False" />
            <line number="159" hits="0" branch="False" />
            <line number="160" hits="0" branch="False" />
            <line number="161" hits="0" branch="False" />
            <line number="162" hits="0" branch="False" />
            <line number="164" hits="0" branch="False" />
            <line number="165" hits="0" branch="False" />
            <line number="166" hits="0" branch="False" />
            <line number="167" hits="0" branch="False" />
            <line number="169" hits="1126" branch="False" />
            <line number="170" hits="1126" branch="False" />
            <line number="171" hits="1126" branch="False" />
            <line number="172" hits="1126" branch="False" />
            <line number="173" hits="1126" branch="False" />
            <line number="174" hits="1126" branch="False" />
            <line number="175" hits="0" branch="True" condition-coverage="0% (0/2)">
              <conditions>
                <condition number="248" type="jump" coverage="0%" />
              </conditions>
            </line>
            <line number="176" hits="0" branch="False" />
            <line number="177" hits="0" branch="False" />
            <line number="178" hits="0" branch="False" />
            <line number="179" hits="0" branch="True" condition-coverage="0% (0/2)">
              <conditions>
                <condition number="290" type="jump" coverage="0%" />
              </conditions>
            </line>
            <line number="180" hits="0" branch="False" />
            <line number="181" hits="0" branch="True" condition-coverage="0% (0/2)">
              <conditions>
                <condition number="342" type="jump" coverage="0%" />
              </conditions>
            </line>
            <line number="182" hits="0" branch="True" condition-coverage="0% (0/2)">
              <conditions>
                <condition number="317" type="jump" coverage="0%" />
              </conditions>
            </line>
            <line number="183" hits="0" branch="False" />
            <line number="184" hits="0" branch="True" condition-coverage="0% (0/2)">
              <conditions>
                <condition number="370" type="jump" coverage="0%" />
              </conditions>
            </line>
            <line number="185" hits="0" branch="False" />
            <line number="186" hits="0" branch="True" condition-coverage="0% (0/2)">
              <conditions>
                <condition number="421" type="jump" coverage="0%" />
              </conditions>
            </line>
            <line number="187" hits="0" branch="False" />
            <line number="188" hits="0" branch="False" />
            <line number="189" hits="0" branch="False" />
            <line number="190" hits="0" branch="False" />
            <line number="192" hits="0" branch="False" />
            <line number="193" hits="0" branch="False" />
            <line number="195" hits="1126" branch="False" />
            <line number="198" hits="0" branch="False" />
            <line number="200" hits="0" branch="False" />
            <line number="201" hits="0" branch="True" condition-coverage="0% (0/2)">
              <conditions>
                <condition number="43" type="jump" coverage="0%" />
              </conditions>
            </line>
            <line number="202" hits="0" branch="False" />
            <line number="205" hits="0" branch="False" />
            <line number="206" hits="0" branch="False" />
            <line number="209" hits="0" branch="False" />
            <line number="210" hits="0" branch="False" />
            <line number="211" hits="0" branch="False" />
            <line number="213" hits="0" branch="True" condition-coverage="0% (0/2)">
              <conditions>
                <condition number="170" type="jump" coverage="0%" />
              </conditions>
            </line>
            <line number="214" hits="0" branch="False" />
            <line number="215" hits="0" branch="False" />
            <line number="216" hits="0" branch="False" />
            <line number="217" hits="0" branch="False" />
            <line number="218" hits="0" branch="False" />
            <line number="219" hits="0" branch="False" />
            <line number="220" hits="0" branch="False" />
            <line number="222" hits="0" branch="False" />
            <line number="223" hits="0" branch="False" />
            <line number="224" hits="0" branch="False" />
            <line number="226" hits="0" branch="False" />
            <line number="227" hits="0" branch="False" />
            <line number="228" hits="0" branch="False" />
            <line number="229" hits="0" branch="False" />
            <line number="230" hits="0" branch="False" />
            <line number="233" hits="1125" branch="False" />
            <line number="234" hits="1125" branch="False" />
            <line number="235" hits="1125" branch="False" />
            <line number="238" hits="1189" branch="False" />
            <line number="239" hits="1189" branch="False" />
            <line number="240" hits="1189" branch="False" />
            <line number="241" hits="1189" branch="False" />
            <line number="242" hits="1189" branch="False" />
            <line number="245" hits="0" branch="False" />
            <line number="246" hits="0" branch="False" />
            <line number="247" hits="0" branch="False" />
            <line number="248" hits="0" branch="False" />
            <line number="249" hits="0" branch="False" />
            <line number="250" hits="0" branch="False" />
            <line number="251" hits="0" branch="False" />
            <line number="252" hits="0" branch="False" />
            <line number="253" hits="0" branch="False" />
            <line number="256" hits="11" branch="False" />
            <line number="257" hits="11" branch="True" condition-coverage="15.78% (3/19)">
              <conditions>
                <condition number="12" type="jump" coverage="50%" />
                <condition number="18" type="switch" coverage="9.09%" />
                <condition number="83" type="jump" coverage="0%" />
                <condition number="69" type="jump" coverage="50%" />
                <condition number="94" type="jump" coverage="0%" />
              </conditions>
            </line>
            <line number="259" hits="0" branch="False" />
            <line number="260" hits="0" branch="False" />
            <line number="261" hits="0" branch="False" />
            <line number="262" hits="0" branch="False" />
            <line number="263" hits="0" branch="False" />
            <line number="264" hits="0" branch="False" />
            <line number="265" hits="0" branch="False" />
            <line number="266" hits="0" branch="False" />
            <line number="267" hits="0" branch="False" />
            <line number="268" hits="0" branch="False" />
            <line number="269" hits="22" branch="False" />
            <line number="270" hits="0" branch="False" />
            <line number="272" hits="0" branch="False" />
            <line number="273" hits="0" branch="False" />
            <line number="274" hits="0" branch="False" />
            <line number="275" hits="0" branch="False" />
            <line number="276" hits="0" branch="False" />
            <line number="277" hits="0" branch="False" />
            <line number="278" hits="0" branch="False" />
            <line number="279" hits="0" branch="False" />
            <line number="281" hits="0" branch="False" />
            <line number="283" hits="11" branch="False" />
            <line number="17" hits="1" branch="False" />
            <line number="23" hits="1" branch="False" />
            <line number="24" hits="1" branch="False" />
            <line number="25" hits="1" branch="False" />
            <line number="26" hits="1" branch="False" />
            <line number="16" hits="0" branch="False" />
          </lines>
        </class>
        <class name="TDMSSharp.TdsDataTypeProvider" filename="TdsDataTypeProvider.cs" line-rate="0.6175999999999999" branch-rate="0.44439999999999996" complexity="45">
          <methods>
            <method name="GetDataType" signature="()" line-rate="0.8234999999999999" branch-rate="0.5769" complexity="26">
              <lines>
                <line number="17" hits="90" branch="False" />
                <line number="18" hits="90" branch="False" />
                <line number="19" hits="90" branch="True" condition-coverage="50% (1/2)">
                  <conditions>
                    <condition number="30" type="jump" coverage="50%" />
                  </conditions>
                </line>
                <line number="20" hits="90" branch="True" condition-coverage="50% (1/2)">
                  <conditions>
                    <condition number="57" type="jump" coverage="50%" />
                  </conditions>
                </line>
                <line number="21" hits="110" branch="True" condition-coverage="100% (2/2)">
                  <conditions>
                    <condition number="86" type="jump" coverage="100%" />
                  </conditions>
                </line>
                <line number="22" hits="70" branch="True" condition-coverage="50% (1/2)">
                  <conditions>
                    <condition number="115" type="jump" coverage="50%" />
                  </conditions>
                </line>
                <line number="23" hits="71" branch="True" condition-coverage="100% (2/2)">
                  <conditions>
                    <condition number="144" type="jump" coverage="100%" />
                  </conditions>
                </line>
                <line number="24" hits="69" branch="True" condition-coverage="50% (1/2)">
                  <conditions>
                    <condition number="173" type="jump" coverage="50%" />
                  </conditions>
                </line>
                <line number="25" hits="69" branch="True" condition-coverage="50% (1/2)">
                  <conditions>
                    <condition number="202" type="jump" coverage="50%" />
                  </conditions>
                </line>
                <line number="26" hits="69" branch="True" condition-coverage="50% (1/2)">
                  <conditions>
                    <condition number="231" type="jump" coverage="50%" />
                  </conditions>
                </line>
                <line number="27" hits="71" branch="True" condition-coverage="100% (2/2)">
                  <conditions>
                    <condition number="260" type="jump" coverage="100%" />
                  </conditions>
                </line>
                <line number="28" hits="125" branch="True" condition-coverage="100% (2/2)">
                  <conditions>
                    <condition number="290" type="jump" coverage="100%" />
                  </conditions>
                </line>
                <line number="29" hits="18" branch="True" condition-coverage="50% (1/2)">
                  <conditions>
                    <condition number="317" type="jump" coverage="50%" />
                  </conditions>
                </line>
                <line number="30" hits="0" branch="True" condition-coverage="0% (0/2)">
                  <conditions>
                    <condition number="344" type="jump" coverage="0%" />
                  </conditions>
                </line>
                <line number="31" hits="0" branch="True" condition-coverage="0% (0/2)">
                  <conditions>
                    <condition number="371" type="jump" coverage="0%" />
                  </conditions>
                </line>
                <line number="32" hits="0" branch="False" />
                <line number="33" hits="90" branch="False" />
              </lines>
            </method>
            <method name="GetType" signature="(TDMSSharp.TdsDataType)" line-rate="0.4117" branch-rate="0.2631" complexity="19">
              <lines>
                <line number="42" hits="23" branch="False" />
                <line number="43" hits="23" branch="True" condition-coverage="26.31% (5/19)">
                  <conditions>
                    <condition number="8" type="jump" coverage="50%" />
                    <condition number="13" type="switch" coverage="36.36%" />
                    <condition number="76" type="jump" coverage="0%" />
                    <condition number="63" type="jump" coverage="0%" />
                    <condition number="86" type="jump" coverage="0%" />
                  </conditions>
                </line>
                <line number="45" hits="0" branch="False" />
                <line number="46" hits="0" branch="False" />
                <line number="47" hits="6" branch="False" />
                <line number="48" hits="0" branch="False" />
                <line number="49" hits="1" branch="False" />
                <line number="50" hits="0" branch="False" />
                <line number="51" hits="0" branch="False" />
                <line number="52" hits="0" branch="False" />
                <line number="53" hits="1" branch="False" />
                <line number="54" hits="15" branch="False" />
                <line number="55" hits="0" branch="False" />
                <line number="56" hits="0" branch="False" />
                <line number="57" hits="0" branch="False" />
                <line number="59" hits="0" branch="False" />
                <line number="61" hits="23" branch="False" />
              </lines>
            </method>
          </methods>
          <lines>
            <line number="17" hits="90" branch="False" />
            <line number="18" hits="90" branch="False" />
            <line number="19" hits="90" branch="True" condition-coverage="50% (1/2)">
              <conditions>
                <condition number="30" type="jump" coverage="50%" />
              </conditions>
            </line>
            <line number="20" hits="90" branch="True" condition-coverage="50% (1/2)">
              <conditions>
                <condition number="57" type="jump" coverage="50%" />
              </conditions>
            </line>
            <line number="21" hits="110" branch="True" condition-coverage="100% (2/2)">
              <conditions>
                <condition number="86" type="jump" coverage="100%" />
              </conditions>
            </line>
            <line number="22" hits="70" branch="True" condition-coverage="50% (1/2)">
              <conditions>
                <condition number="115" type="jump" coverage="50%" />
              </conditions>
            </line>
            <line number="23" hits="71" branch="True" condition-coverage="100% (2/2)">
              <conditions>
                <condition number="144" type="jump" coverage="100%" />
              </conditions>
            </line>
            <line number="24" hits="69" branch="True" condition-coverage="50% (1/2)">
              <conditions>
                <condition number="173" type="jump" coverage="50%" />
              </conditions>
            </line>
            <line number="25" hits="69" branch="True" condition-coverage="50% (1/2)">
              <conditions>
                <condition number="202" type="jump" coverage="50%" />
              </conditions>
            </line>
            <line number="26" hits="69" branch="True" condition-coverage="50% (1/2)">
              <conditions>
                <condition number="231" type="jump" coverage="50%" />
              </conditions>
            </line>
            <line number="27" hits="71" branch="True" condition-coverage="100% (2/2)">
              <conditions>
                <condition number="260" type="jump" coverage="100%" />
              </conditions>
            </line>
            <line number="28" hits="125" branch="True" condition-coverage="100% (2/2)">
              <conditions>
                <condition number="290" type="jump" coverage="100%" />
              </conditions>
            </line>
            <line number="29" hits="18" branch="True" condition-coverage="50% (1/2)">
              <conditions>
                <condition number="317" type="jump" coverage="50%" />
              </conditions>
            </line>
            <line number="30" hits="0" branch="True" condition-coverage="0% (0/2)">
              <conditions>
                <condition number="344" type="jump" coverage="0%" />
              </conditions>
            </line>
            <line number="31" hits="0" branch="True" condition-coverage="0% (0/2)">
              <conditions>
                <condition number="371" type="jump" coverage="0%" />
              </conditions>
            </line>
            <line number="32" hits="0" branch="False" />
            <line number="33" hits="90" branch="False" />
            <line number="42" hits="23" branch="False" />
            <line number="43" hits="23" branch="True" condition-coverage="26.31% (5/19)">
              <conditions>
                <condition number="8" type="jump" coverage="50%" />
                <condition number="13" type="switch" coverage="36.36%" />
                <condition number="76" type="jump" coverage="0%" />
                <condition number="63" type="jump" coverage="0%" />
                <condition number="86" type="jump" coverage="0%" />
              </conditions>
            </line>
            <line number="45" hits="0" branch="False" />
            <line number="46" hits="0" branch="False" />
            <line number="47" hits="6" branch="False" />
            <line number="48" hits="0" branch="False" />
            <line number="49" hits="1" branch="False" />
            <line number="50" hits="0" branch="False" />
            <line number="51" hits="0" branch="False" />
            <line number="52" hits="0" branch="False" />
            <line number="53" hits="1" branch="False" />
            <line number="54" hits="15" branch="False" />
            <line number="55" hits="0" branch="False" />
            <line number="56" hits="0" branch="False" />
            <line number="57" hits="0" branch="False" />
            <line number="59" hits="0" branch="False" />
            <line number="61" hits="23" branch="False" />
          </lines>
        </class>
      </classes>
    </package>
  </packages>
</coverage>